2024-01-06 16:12:45,071 - pyswarms.single.global_best - INFO - Optimize for 2 iters with {'c1': 0.5, 'c2': 0.3, 'w': 0.9}
2024-01-06 16:31:11,802 - pyswarms.single.global_best - INFO - Optimization finished | best cost: 3.958791410241247e-07, best pos: [ 1.29713043 45.58460297 37.86215234 19.40443899]
2024-01-10 13:21:12,380 - pyswarms.single.global_best - INFO - Optimize for 2 iters with {'c1': 0.5, 'c2': 0.3, 'w': 0.9}
2024-01-10 13:27:55,072 - pyswarms.single.global_best - INFO - Optimization finished | best cost: 0.0001856114249676466, best pos: [ 1.92542158 43.83862122 56.19418791 19.7227641 ]
2024-01-10 13:40:37,573 - pyswarms.single.global_best - INFO - Optimize for 2 iters with {'c1': 0.5, 'c2': 0.3, 'w': 0.9}
2024-01-10 13:52:28,951 - pyswarms.single.global_best - INFO - Optimization finished | best cost: 2.610741285025142e-05, best pos: [ 1.06778508 41.80812397 36.03858372 18.07933594]
2024-01-10 17:32:43,369 - pyswarms.single.global_best - INFO - Optimize for 2 iters with {'c1': 0.5, 'c2': 0.3, 'w': 0.9}
2024-01-10 17:52:17,893 - pyswarms.single.global_best - INFO - Optimization finished | best cost: 1.265780610992806e-05, best pos: [ 1.41219253 29.55918059 40.86194991 16.78718739]
2024-01-10 19:15:58,898 - pyswarms.single.global_best - INFO - Optimize for 2 iters with {'c1': 0.5, 'c2': 0.3, 'w': 0.9}
2024-01-10 19:19:18,487 - pyswarms.single.global_best - INFO - Optimization finished | best cost: 0.0003282273537479341, best pos: [ 1.66638942 28.01373141 50.0046262  18.88192759]
2024-01-10 19:26:45,179 - pyswarms.single.global_best - INFO - Optimize for 2 iters with {'c1': 0.5, 'c2': 0.3, 'w': 0.9}
2024-01-19 18:19:13,040 - pyswarms.single.global_best - INFO - Optimize for 2 iters with {'c1': 0.5, 'c2': 0.3, 'w': 0.9}
2024-01-19 18:20:42,115 - pyswarms.single.global_best - INFO - Optimize for 2 iters with {'c1': 0.5, 'c2': 0.3, 'w': 0.9}
2024-01-19 18:20:59,185 - pyswarms.single.global_best - INFO - Optimize for 2 iters with {'c1': 0.5, 'c2': 0.3, 'w': 0.9}
2024-01-19 18:21:14,623 - pyswarms.single.global_best - INFO - Optimize for 2 iters with {'c1': 0.5, 'c2': 0.3, 'w': 0.9}
2024-01-19 18:23:24,475 - pyswarms.single.global_best - INFO - Optimize for 2 iters with {'c1': 0.5, 'c2': 0.3, 'w': 0.9}
2024-01-19 18:24:25,882 - pyswarms.single.global_best - INFO - Optimize for 2 iters with {'c1': 0.5, 'c2': 0.3, 'w': 0.9}
2024-01-19 18:28:19,097 - pyswarms.single.global_best - INFO - Optimize for 2 iters with {'c1': 0.5, 'c2': 0.3, 'w': 0.9}
2024-01-19 18:33:23,027 - pyswarms.single.global_best - INFO - Optimize for 2 iters with {'c1': 0.5, 'c2': 0.3, 'w': 0.9}
2024-01-19 18:35:04,821 - pyswarms.single.global_best - INFO - Optimize for 2 iters with {'c1': 0.5, 'c2': 0.3, 'w': 0.9}
2024-01-19 18:35:16,076 - pyswarms.single.global_best - INFO - Optimize for 2 iters with {'c1': 0.5, 'c2': 0.3, 'w': 0.9}
2024-01-19 18:35:59,545 - pyswarms.single.global_best - INFO - Optimize for 2 iters with {'c1': 0.5, 'c2': 0.3, 'w': 0.9}
2024-01-19 18:38:06,846 - pyswarms.single.global_best - INFO - Optimize for 2 iters with {'c1': 0.5, 'c2': 0.3, 'w': 0.9}
2024-02-28 12:39:15,047 - pyswarms.backend.generators - ERROR - Bounds and/or init_pos should be of size (2,)
Traceback (most recent call last):
  File "c:\Users\Brandon\AppData\Local\Programs\Python\Python311\Lib\site-packages\pyswarms\backend\generators.py", line 81, in generate_swarm
    pos = center * np.random.uniform(
                   ^^^^^^^^^^^^^^^^^^
  File "mtrand.pyx", line 1170, in numpy.random.mtrand.RandomState.uniform
  File "_common.pyx", line 600, in numpy.random._common.cont
  File "_common.pyx", line 517, in numpy.random._common.cont_broadcast_2
  File "__init__.pxd", line 738, in numpy.PyArray_MultiIterNew3
ValueError: shape mismatch: objects cannot be broadcast to a single shape.  Mismatch is between arg 0 with shape (10, 2) and arg 1 with shape (10, 9).
2024-02-28 12:39:39,036 - pyswarms.single.global_best - INFO - Optimize for 5 iters with {'c1': 0.5, 'c2': 0.3, 'w': 0.9}
2024-02-28 15:06:19,455 - pyswarms.single.global_best - INFO - Optimize for 5 iters with {'c1': 0.5, 'c2': 0.3, 'w': 0.9}
